[load] data\fixed_feature_instances_multi.json  (720 instances)
  [age_waist_rom_gesture_dancing_A406] side=low  F_csv=74.93  F_check=74.93
  [age_waist_rom_gesture_dancing_A100] side=low  F_csv=74.11  F_check=74.11
  [age_waist_rom_gesture_dancing_A140] side=low  F_csv=72.80  F_check=72.80
  [age_waist_rom_gesture_dancing_A119] side=low  F_csv=66.95  F_check=66.95
  [age_waist_rom_gesture_dancing_A276] side=high  F_csv=6.52  F_check=6.52
  [age_waist_rom_gesture_dancing_A274] side=high  F_csv=8.26  F_check=8.26
  [age_waist_rom_gesture_dancing_A438] side=high  F_csv=9.04  F_check=9.04
  [age_waist_rom_gesture_dancing_A144] side=high  F_csv=9.17  F_check=9.17
  [age_waist_rom_jogging_turning_A186] side=low  F_csv=102.92  F_check=102.92
  [age_waist_rom_jogging_turning_A164] side=low  F_csv=102.20  F_check=102.20
  [age_waist_rom_jogging_turning_A411] side=low  F_csv=83.35  F_check=83.35
  [age_waist_rom_jogging_turning_A414] side=low  F_csv=82.09  F_check=82.09
  [age_waist_rom_jogging_turning_A038] side=high  F_csv=15.96  F_check=15.96
  [age_waist_rom_jogging_turning_A044] side=high  F_csv=21.04  F_check=21.04
  [age_waist_rom_jogging_turning_A268] side=high  F_csv=22.38  F_check=22.38
  [age_waist_rom_jogging_turning_A043] side=high  F_csv=24.28  F_check=24.28
  [age_waist_rom_jogging_A414] side=low  F_csv=92.68  F_check=92.68
  [age_waist_rom_jogging_A167] side=low  F_csv=80.30  F_check=80.30
  [age_waist_rom_jogging_A411] side=low  F_csv=76.05  F_check=76.05
  [age_waist_rom_jogging_A029] side=low  F_csv=71.22  F_check=71.22
  [age_waist_rom_jogging_A063] side=high  F_csv=0.61  F_check=0.61
  [age_waist_rom_jogging_A072] side=high  F_csv=1.18  F_check=1.18
  [age_waist_rom_jogging_A071] side=high  F_csv=2.19  F_check=2.19
  [age_waist_rom_jogging_A023] side=high  F_csv=2.67  F_check=2.67
  [age_waist_rom_turning_A145] side=low  F_csv=68.66  F_check=68.66
  [age_waist_rom_turning_A146] side=low  F_csv=52.31  F_check=52.31
  [age_waist_rom_turning_A247] side=low  F_csv=42.31  F_check=42.31
  [age_waist_rom_turning_A128] side=low  F_csv=41.49  F_check=41.49
  [age_waist_rom_turning_A026] side=high  F_csv=0.85  F_check=0.85
  [age_waist_rom_turning_A079] side=high  F_csv=2.94  F_check=2.94
  [age_waist_rom_turning_A044] side=high  F_csv=4.56  F_check=4.56
  [age_waist_rom_turning_A037] side=high  F_csv=5.75  F_check=5.75
  [age_waist_rom_transition_A126] side=low  F_csv=76.91  F_check=76.91
  [age_waist_rom_transition_A029] side=low  F_csv=70.83  F_check=70.83
  [age_waist_rom_transition_A122] side=low  F_csv=70.53  F_check=70.53
  [age_waist_rom_transition_A145] side=low  F_csv=68.68  F_check=68.68
  [age_waist_rom_transition_A030] side=high  F_csv=3.66  F_check=3.66
  [age_waist_rom_transition_A044] side=high  F_csv=3.98  F_check=3.98
  [age_waist_rom_transition_A257] side=high  F_csv=4.63  F_check=4.63
  [age_waist_rom_transition_A066] side=high  F_csv=5.16  F_check=5.16
  [age_waist_rom_dancing_A306] side=low  F_csv=119.27  F_check=119.27
  [age_waist_rom_dancing_A466] side=low  F_csv=112.58  F_check=112.58
  [age_waist_rom_dancing_A313] side=low  F_csv=103.69  F_check=103.69
  [age_waist_rom_dancing_A316] side=low  F_csv=103.05  F_check=103.05
  [age_waist_rom_dancing_A307] side=high  F_csv=10.32  F_check=10.32
  [age_waist_rom_dancing_A055] side=high  F_csv=11.23  F_check=11.23
  [age_waist_rom_dancing_A056] side=high  F_csv=11.41  F_check=11.41
  [age_waist_rom_dancing_A041] side=high  F_csv=15.35  F_check=15.35
  [age_waist_rom_walking_A145] side=low  F_csv=94.29  F_check=94.29
  [age_waist_rom_walking_A146] side=low  F_csv=91.11  F_check=91.11
  [age_waist_rom_walking_A149] side=low  F_csv=75.80  F_check=75.80
  [age_waist_rom_walking_A148] side=low  F_csv=74.57  F_check=74.57
  [age_waist_rom_walking_A067] side=high  F_csv=0.71  F_check=0.71
  [age_waist_rom_walking_A035] side=high  F_csv=0.80  F_check=0.80
  [age_waist_rom_walking_A068] side=high  F_csv=1.12  F_check=1.12
  [age_waist_rom_walking_A066] side=high  F_csv=1.20  F_check=1.20
  [age_waist_rom_jumping_turning_A018] side=low  F_csv=59.41  F_check=59.41
  [age_waist_rom_jumping_turning_A029] side=low  F_csv=44.59  F_check=44.59
  [age_waist_rom_jumping_turning_A025] side=low  F_csv=42.12  F_check=42.12
  [age_waist_rom_jumping_turning_A093] side=low  F_csv=42.04  F_check=42.04
  [age_waist_rom_jumping_turning_A038] side=high  F_csv=1.42  F_check=1.42
  [age_waist_rom_jumping_turning_A040] side=high  F_csv=3.79  F_check=3.79
  [age_waist_rom_jumping_turning_A039] side=high  F_csv=4.81  F_check=4.81
  [age_waist_rom_jumping_turning_A037] side=high  F_csv=11.95  F_check=11.95
  [age_waist_mean_vel_jumping_turning_A059] side=low  F_csv=64.34  F_check=64.34
  [age_waist_mean_vel_jumping_turning_A025] side=low  F_csv=57.46  F_check=57.46
  [age_waist_mean_vel_jumping_turning_A029] side=low  F_csv=55.70  F_check=55.70
  [age_waist_mean_vel_jumping_turning_A031] side=low  F_csv=54.78  F_check=54.78
  [age_waist_mean_vel_jumping_turning_A038] side=high  F_csv=1.80  F_check=1.80
  [age_waist_mean_vel_jumping_turning_A040] side=high  F_csv=3.44  F_check=3.44
  [age_waist_mean_vel_jumping_turning_A039] side=high  F_csv=3.99  F_check=3.99
  [age_waist_mean_vel_jumping_turning_A037] side=high  F_csv=7.96  F_check=7.96
  [age_waist_mean_vel_turning_A145] side=low  F_csv=99.12  F_check=99.12
  [age_waist_mean_vel_turning_A146] side=low  F_csv=83.41  F_check=83.41
  [age_waist_mean_vel_turning_A128] side=low  F_csv=43.36  F_check=43.36
  [age_waist_mean_vel_turning_A129] side=low  F_csv=37.33  F_check=37.33
  [age_waist_mean_vel_turning_A026] side=high  F_csv=0.99  F_check=0.99
  [age_waist_mean_vel_turning_A079] side=high  F_csv=2.17  F_check=2.17
  [age_waist_mean_vel_turning_A044] side=high  F_csv=2.92  F_check=2.92
  [age_waist_mean_vel_turning_A042] side=high  F_csv=3.23  F_check=3.23
  [age_waist_mean_vel_jogging_turning_A094] side=low  F_csv=141.84  F_check=141.84
  [age_waist_mean_vel_jogging_turning_A029] side=low  F_csv=140.51  F_check=140.51
  [age_waist_mean_vel_jogging_turning_A238] side=low  F_csv=122.06  F_check=122.06
  [age_waist_mean_vel_jogging_turning_A059] side=low  F_csv=121.96  F_check=121.96
  [age_waist_mean_vel_jogging_turning_A038] side=high  F_csv=22.62  F_check=22.62
  [age_waist_mean_vel_jogging_turning_A044] side=high  F_csv=29.39  F_check=29.39
  [age_waist_mean_vel_jogging_turning_A042] side=high  F_csv=32.88  F_check=32.88
  [age_waist_mean_vel_jogging_turning_A039] side=high  F_csv=39.27  F_check=39.27
  [age_waist_mean_vel_gesture_dancing_A186] side=low  F_csv=150.73  F_check=150.73
  [age_waist_mean_vel_gesture_dancing_A140] side=low  F_csv=149.47  F_check=149.47
  [age_waist_mean_vel_gesture_dancing_A236] side=low  F_csv=129.61  F_check=129.61
  [age_waist_mean_vel_gesture_dancing_A406] side=low  F_csv=124.18  F_check=124.18
  [age_waist_mean_vel_gesture_dancing_A187] side=high  F_csv=10.00  F_check=10.00
  [age_waist_mean_vel_gesture_dancing_A438] side=high  F_csv=10.05  F_check=10.05
  [age_waist_mean_vel_gesture_dancing_A276] side=high  F_csv=11.22  F_check=11.22
  [age_waist_mean_vel_gesture_dancing_A188] side=high  F_csv=11.44  F_check=11.44
  [age_waist_mean_vel_jogging_A451] side=low  F_csv=207.92  F_check=207.92
  [age_waist_mean_vel_jogging_A362] side=low  F_csv=160.32  F_check=160.32
  [age_waist_mean_vel_jogging_A361] side=low  F_csv=160.29  F_check=160.29
  [age_waist_mean_vel_jogging_A103] side=low  F_csv=152.83  F_check=152.83
  [age_waist_mean_vel_jogging_A072] side=high  F_csv=1.28  F_check=1.28
  [age_waist_mean_vel_jogging_A063] side=high  F_csv=1.74  F_check=1.74
  [age_waist_mean_vel_jogging_A023] side=high  F_csv=2.01  F_check=2.01
  [age_waist_mean_vel_jogging_A071] side=high  F_csv=3.81  F_check=3.81
  [age_waist_mean_vel_transition_A029] side=low  F_csv=62.61  F_check=62.61
  [age_waist_mean_vel_transition_A126] side=low  F_csv=38.90  F_check=38.90
  [age_waist_mean_vel_transition_A031] side=low  F_csv=38.36  F_check=38.36
  [age_waist_mean_vel_transition_A230] side=low  F_csv=32.50  F_check=32.50
  [age_waist_mean_vel_transition_A042] side=high  F_csv=1.71  F_check=1.71
  [age_waist_mean_vel_transition_A066] side=high  F_csv=1.82  F_check=1.82
  [age_waist_mean_vel_transition_A041] side=high  F_csv=2.02  F_check=2.02
  [age_waist_mean_vel_transition_A069] side=high  F_csv=2.12  F_check=2.12
  [age_waist_mean_vel_dancing_A316] side=low  F_csv=202.99  F_check=202.99
  [age_waist_mean_vel_dancing_A321] side=low  F_csv=178.94  F_check=178.94
  [age_waist_mean_vel_dancing_A322] side=low  F_csv=177.15  F_check=177.15
  [age_waist_mean_vel_dancing_A311] side=low  F_csv=156.37  F_check=156.37
  [age_waist_mean_vel_dancing_A307] side=high  F_csv=5.55  F_check=5.55
  [age_waist_mean_vel_dancing_A056] side=high  F_csv=10.88  F_check=10.88
  [age_waist_mean_vel_dancing_A044] side=high  F_csv=11.08  F_check=11.08
  [age_waist_mean_vel_dancing_A041] side=high  F_csv=11.22  F_check=11.22
  [age_waist_mean_vel_gesture_A143] side=low  F_csv=111.92  F_check=111.92
  [age_waist_mean_vel_gesture_A185] side=low  F_csv=106.02  F_check=106.02
  [age_waist_mean_vel_gesture_A186] side=low  F_csv=104.38  F_check=104.38
  [age_waist_mean_vel_gesture_A236] side=low  F_csv=101.16  F_check=101.16
  [age_waist_mean_vel_gesture_A039] side=high  F_csv=0.89  F_check=0.89
  [age_waist_mean_vel_gesture_A042] side=high  F_csv=1.10  F_check=1.10
  [age_waist_mean_vel_gesture_A038] side=high  F_csv=1.21  F_check=1.21
  [age_waist_mean_vel_gesture_A259] side=high  F_csv=1.29  F_check=1.29
  [age_ankle_rom_jogging_turning_A018] side=low  F_csv=82.65  F_check=82.65
  [age_ankle_rom_jogging_turning_A029] side=low  F_csv=81.59  F_check=81.59
  [age_ankle_rom_jogging_turning_A165] side=low  F_csv=78.32  F_check=78.32
  [age_ankle_rom_jogging_turning_A414] side=low  F_csv=78.19  F_check=78.19
  [age_ankle_rom_jogging_turning_A038] side=high  F_csv=24.82  F_check=24.82
  [age_ankle_rom_jogging_turning_A268] side=high  F_csv=34.64  F_check=34.64
  [age_ankle_rom_jogging_turning_A055] side=high  F_csv=36.55  F_check=36.55
  [age_ankle_rom_jogging_turning_A266] side=high  F_csv=37.76  F_check=37.76
  [age_ankle_rom_gesture_dancing_A099] side=low  F_csv=84.89  F_check=84.89
  [age_ankle_rom_gesture_dancing_A098] side=low  F_csv=82.77  F_check=82.77
  [age_ankle_rom_gesture_dancing_A101] side=low  F_csv=81.75  F_check=81.75
  [age_ankle_rom_gesture_dancing_A409] side=low  F_csv=81.53  F_check=81.53
  [age_ankle_rom_gesture_dancing_A438] side=high  F_csv=1.50  F_check=1.50
  [age_ankle_rom_gesture_dancing_A144] side=high  F_csv=1.64  F_check=1.64
  [age_ankle_rom_gesture_dancing_A188] side=high  F_csv=2.08  F_check=2.08
  [age_ankle_rom_gesture_dancing_A187] side=high  F_csv=2.14  F_check=2.14
  [age_ankle_rom_turning_A145] side=low  F_csv=62.90  F_check=62.90
  [age_ankle_rom_turning_A128] side=low  F_csv=56.92  F_check=56.92
  [age_ankle_rom_turning_A245] side=low  F_csv=53.05  F_check=53.05
  [age_ankle_rom_turning_A126] side=low  F_csv=52.79  F_check=52.79
  [age_ankle_rom_turning_A026] side=high  F_csv=1.17  F_check=1.17
  [age_ankle_rom_turning_A079] side=high  F_csv=1.86  F_check=1.86
  [age_ankle_rom_turning_A044] side=high  F_csv=10.91  F_check=10.91
  [age_ankle_rom_turning_A067] side=high  F_csv=11.61  F_check=11.61
  [age_ankle_rom_transition_A128] side=low  F_csv=75.04  F_check=75.04
  [age_ankle_rom_transition_A126] side=low  F_csv=71.39  F_check=71.39
  [age_ankle_rom_transition_A331] side=low  F_csv=70.59  F_check=70.59
  [age_ankle_rom_transition_A129] side=low  F_csv=70.50  F_check=70.50
  [age_ankle_rom_transition_A257] side=high  F_csv=6.25  F_check=6.25
  [age_ankle_rom_transition_A067] side=high  F_csv=6.29  F_check=6.29
  [age_ankle_rom_transition_A044] side=high  F_csv=8.19  F_check=8.19
  [age_ankle_rom_transition_A063] side=high  F_csv=9.12  F_check=9.12
  [age_ankle_rom_walking_turning_A018] side=low  F_csv=63.50  F_check=63.50
  [age_ankle_rom_walking_turning_A029] side=low  F_csv=63.25  F_check=63.25
  [age_ankle_rom_walking_turning_A140] side=low  F_csv=60.28  F_check=60.28
  [age_ankle_rom_walking_turning_A203] side=low  F_csv=57.51  F_check=57.51
  [age_ankle_rom_walking_turning_A044] side=high  F_csv=26.51  F_check=26.51
  [age_ankle_rom_walking_turning_A043] side=high  F_csv=29.73  F_check=29.73
  [age_ankle_rom_walking_turning_A068] side=high  F_csv=30.46  F_check=30.46
  [age_ankle_rom_walking_turning_A040] side=high  F_csv=30.62  F_check=30.62
  [age_ankle_rom_jumping_turning_A018] side=low  F_csv=83.31  F_check=83.31
  [age_ankle_rom_jumping_turning_A029] side=low  F_csv=77.14  F_check=77.14
  [age_ankle_rom_jumping_turning_A020] side=low  F_csv=62.84  F_check=62.84
  [age_ankle_rom_jumping_turning_A025] side=low  F_csv=61.82  F_check=61.82
  [age_ankle_rom_jumping_turning_A038] side=high  F_csv=1.75  F_check=1.75
  [age_ankle_rom_jumping_turning_A039] side=high  F_csv=3.73  F_check=3.73
  [age_ankle_rom_jumping_turning_A040] side=high  F_csv=9.94  F_check=9.94
  [age_ankle_rom_jumping_turning_A037] side=high  F_csv=11.22  F_check=11.22
  [age_ankle_rom_jogging_A029] side=low  F_csv=82.25  F_check=82.25
  [age_ankle_rom_jogging_A018] side=low  F_csv=81.11  F_check=81.11
  [age_ankle_rom_jogging_A246] side=low  F_csv=77.86  F_check=77.86
  [age_ankle_rom_jogging_A165] side=low  F_csv=76.38  F_check=76.38
  [age_ankle_rom_jogging_A063] side=high  F_csv=0.49  F_check=0.49
  [age_ankle_rom_jogging_A072] side=high  F_csv=0.56  F_check=0.56
  [age_ankle_rom_jogging_A071] side=high  F_csv=2.16  F_check=2.16
  [age_ankle_rom_jogging_A023] side=high  F_csv=4.14  F_check=4.14
  [age_ankle_rom_sitting_A414] side=low  F_csv=0.00  F_check=0.00
  [age_ankle_rom_sitting_A409] side=low  F_csv=0.00  F_check=0.00
  [age_ankle_rom_sitting_A406] side=low  F_csv=0.00  F_check=0.00
  [age_ankle_rom_sitting_A191] side=low  F_csv=0.00  F_check=0.00
  [age_ankle_rom_sitting_A039] side=high  F_csv=85.44  F_check=85.44
  [age_ankle_rom_sitting_A035] side=high  F_csv=85.44  F_check=85.44
  [age_ankle_rom_sitting_A030] side=high  F_csv=85.44  F_check=85.44
  [age_ankle_rom_sitting_A032] side=high  F_csv=85.44  F_check=85.44
  [weight_ankle_peak_vel_jumping_turning_A018] side=low  F_csv=1487.52  F_check=1487.52
  [weight_ankle_peak_vel_jumping_turning_A024] side=low  F_csv=970.94  F_check=970.94
  [weight_ankle_peak_vel_jumping_turning_A029] side=low  F_csv=947.77  F_check=947.77
  [weight_ankle_peak_vel_jumping_turning_A021] side=low  F_csv=900.42  F_check=900.42
  [weight_ankle_peak_vel_jumping_turning_A039] side=high  F_csv=16.54  F_check=16.54
  [weight_ankle_peak_vel_jumping_turning_A025] side=high  F_csv=22.85  F_check=22.85
  [weight_ankle_peak_vel_jumping_turning_A255] side=high  F_csv=256.41  F_check=256.41
  [weight_ankle_peak_vel_jumping_turning_A268] side=high  F_csv=264.92  F_check=264.92
  [weight_ankle_peak_vel_jogging_turning_A167] side=low  F_csv=1588.07  F_check=1588.07
  [weight_ankle_peak_vel_jogging_turning_A064] side=low  F_csv=1286.47  F_check=1286.47
  [weight_ankle_peak_vel_jogging_turning_A021] side=low  F_csv=1199.03  F_check=1199.03
  [weight_ankle_peak_vel_jogging_turning_A018] side=low  F_csv=1157.25  F_check=1157.25
  [weight_ankle_peak_vel_jogging_turning_A039] side=high  F_csv=365.66  F_check=365.66
  [weight_ankle_peak_vel_jogging_turning_A256] side=high  F_csv=387.78  F_check=387.78
  [weight_ankle_peak_vel_jogging_turning_A255] side=high  F_csv=405.09  F_check=405.09
  [weight_ankle_peak_vel_jogging_turning_A072] side=high  F_csv=414.34  F_check=414.34
  [weight_ankle_peak_vel_climbing_box_A330] side=low  F_csv=3074.41  F_check=3074.41
  [weight_ankle_peak_vel_climbing_box_A364] side=low  F_csv=2961.05  F_check=2961.05
  [weight_ankle_peak_vel_climbing_box_A281] side=low  F_csv=2809.00  F_check=2809.00
  [weight_ankle_peak_vel_climbing_box_A249] side=low  F_csv=2792.92  F_check=2792.92
  [weight_ankle_peak_vel_climbing_box_A163] side=high  F_csv=328.97  F_check=328.97
  [weight_ankle_peak_vel_climbing_box_A084] side=high  F_csv=338.65  F_check=338.65
  [weight_ankle_peak_vel_climbing_box_A161] side=high  F_csv=343.48  F_check=343.48
  [weight_ankle_peak_vel_climbing_box_A149] side=high  F_csv=348.22  F_check=348.22
  [weight_ankle_peak_vel_jumping_A443] side=low  F_csv=1588.68  F_check=1588.68
  [weight_ankle_peak_vel_jumping_A301] side=low  F_csv=1499.39  F_check=1499.39
  [weight_ankle_peak_vel_jumping_A450] side=low  F_csv=1484.12  F_check=1484.12
  [weight_ankle_peak_vel_jumping_A317] side=low  F_csv=1470.64  F_check=1470.64
  [weight_ankle_peak_vel_jumping_A408] side=high  F_csv=1.96  F_check=1.96
  [weight_ankle_peak_vel_jumping_A353] side=high  F_csv=83.89  F_check=83.89
  [weight_ankle_peak_vel_jumping_A352] side=high  F_csv=86.46  F_check=86.46
  [weight_ankle_peak_vel_jumping_A354] side=high  F_csv=134.26  F_check=134.26
  [weight_ankle_peak_vel_walking_turning_A024] side=low  F_csv=1636.35  F_check=1636.35
  [weight_ankle_peak_vel_walking_turning_A061] side=low  F_csv=1574.06  F_check=1574.06
  [weight_ankle_peak_vel_walking_turning_A021] side=low  F_csv=1128.54  F_check=1128.54
  [weight_ankle_peak_vel_walking_turning_A064] side=low  F_csv=1128.25  F_check=1128.25
  [weight_ankle_peak_vel_walking_turning_A025] side=high  F_csv=27.89  F_check=27.89
  [weight_ankle_peak_vel_walking_turning_A161] side=high  F_csv=167.54  F_check=167.54
  [weight_ankle_peak_vel_walking_turning_A034] side=high  F_csv=169.38  F_check=169.38
  [weight_ankle_peak_vel_walking_turning_A039] side=high  F_csv=179.15  F_check=179.15
  [weight_ankle_peak_vel_jogging_A033] side=low  F_csv=1817.86  F_check=1817.86
  [weight_ankle_peak_vel_jogging_A359] side=low  F_csv=1518.10  F_check=1518.10
  [weight_ankle_peak_vel_jogging_A029] side=low  F_csv=1436.42  F_check=1436.42
  [weight_ankle_peak_vel_jogging_A018] side=low  F_csv=1389.30  F_check=1389.30
  [weight_ankle_peak_vel_jogging_A093] side=high  F_csv=1.58  F_check=1.58
  [weight_ankle_peak_vel_jogging_A072] side=high  F_csv=2.61  F_check=2.61
  [weight_ankle_peak_vel_jogging_A063] side=high  F_csv=4.72  F_check=4.72
  [weight_ankle_peak_vel_jogging_A070] side=high  F_csv=4.84  F_check=4.84
  [weight_ankle_peak_vel_walking_A146] side=low  F_csv=3186.87  F_check=3186.87
  [weight_ankle_peak_vel_walking_A006] side=low  F_csv=1972.48  F_check=1972.48
  [weight_ankle_peak_vel_walking_A449] side=low  F_csv=1560.31  F_check=1560.31
  [weight_ankle_peak_vel_walking_A450] side=low  F_csv=1364.26  F_check=1364.26
  [weight_ankle_peak_vel_walking_A035] side=high  F_csv=3.77  F_check=3.77
  [weight_ankle_peak_vel_walking_A066] side=high  F_csv=4.41  F_check=4.41
  [weight_ankle_peak_vel_walking_A034] side=high  F_csv=4.79  F_check=4.79
  [weight_ankle_peak_vel_walking_A025] side=high  F_csv=4.83  F_check=4.83
  [weight_ankle_peak_vel_kneeling_A098] side=low  F_csv=2510.41  F_check=2510.41
  [weight_ankle_peak_vel_kneeling_A193] side=low  F_csv=1294.39  F_check=1294.39
  [weight_ankle_peak_vel_kneeling_A167] side=low  F_csv=802.73  F_check=802.73
  [weight_ankle_peak_vel_kneeling_A049] side=low  F_csv=580.22  F_check=580.22
  [weight_ankle_peak_vel_kneeling_A123] side=high  F_csv=1.83  F_check=1.83
  [weight_ankle_peak_vel_kneeling_A031] side=high  F_csv=3.62  F_check=3.62
  [weight_ankle_peak_vel_kneeling_A023] side=high  F_csv=4.05  F_check=4.05
  [weight_ankle_peak_vel_kneeling_A120] side=high  F_csv=5.24  F_check=5.24
  [weight_ankle_rom_jogging_turning_A018] side=low  F_csv=82.65  F_check=82.65
  [weight_ankle_rom_jogging_turning_A029] side=low  F_csv=81.59  F_check=81.59
  [weight_ankle_rom_jogging_turning_A188] side=low  F_csv=75.04  F_check=75.04
  [weight_ankle_rom_jogging_turning_A021] side=low  F_csv=74.62  F_check=74.62
  [weight_ankle_rom_jogging_turning_A268] side=high  F_csv=34.64  F_check=34.64
  [weight_ankle_rom_jogging_turning_A266] side=high  F_csv=37.76  F_check=37.76
  [weight_ankle_rom_jogging_turning_A256] side=high  F_csv=39.82  F_check=39.82
  [weight_ankle_rom_jogging_turning_A255] side=high  F_csv=40.18  F_check=40.18
  [weight_ankle_rom_jumping_turning_A018] side=low  F_csv=83.31  F_check=83.31
  [weight_ankle_rom_jumping_turning_A029] side=low  F_csv=77.14  F_check=77.14
  [weight_ankle_rom_jumping_turning_A021] side=low  F_csv=67.54  F_check=67.54
  [weight_ankle_rom_jumping_turning_A030] side=low  F_csv=64.13  F_check=64.13
  [weight_ankle_rom_jumping_turning_A039] side=high  F_csv=3.73  F_check=3.73
  [weight_ankle_rom_jumping_turning_A025] side=high  F_csv=8.52  F_check=8.52
  [weight_ankle_rom_jumping_turning_A255] side=high  F_csv=26.62  F_check=26.62
  [weight_ankle_rom_jumping_turning_A035] side=high  F_csv=26.98  F_check=26.98
  [weight_ankle_rom_jogging_A029] side=low  F_csv=82.25  F_check=82.25
  [weight_ankle_rom_jogging_A018] side=low  F_csv=81.11  F_check=81.11
  [weight_ankle_rom_jogging_A543] side=low  F_csv=81.08  F_check=81.08
  [weight_ankle_rom_jogging_A024] side=low  F_csv=77.56  F_check=77.56
  [weight_ankle_rom_jogging_A093] side=high  F_csv=0.40  F_check=0.40
  [weight_ankle_rom_jogging_A063] side=high  F_csv=0.49  F_check=0.49
  [weight_ankle_rom_jogging_A072] side=high  F_csv=0.56  F_check=0.56
  [weight_ankle_rom_jogging_A070] side=high  F_csv=1.95  F_check=1.95
  [weight_ankle_rom_jumping_A018] side=low  F_csv=80.72  F_check=80.72
  [weight_ankle_rom_jumping_A359] side=low  F_csv=80.41  F_check=80.41
  [weight_ankle_rom_jumping_A418] side=low  F_csv=79.35  F_check=79.35
  [weight_ankle_rom_jumping_A029] side=low  F_csv=79.31  F_check=79.31
  [weight_ankle_rom_jumping_A408] side=high  F_csv=0.29  F_check=0.29
  [weight_ankle_rom_jumping_A353] side=high  F_csv=25.22  F_check=25.22
  [weight_ankle_rom_jumping_A253] side=high  F_csv=27.03  F_check=27.03
  [weight_ankle_rom_jumping_A365] side=high  F_csv=28.64  F_check=28.64
  [weight_ankle_rom_walking_turning_A018] side=low  F_csv=63.50  F_check=63.50
  [weight_ankle_rom_walking_turning_A029] side=low  F_csv=63.25  F_check=63.25
  [weight_ankle_rom_walking_turning_A030] side=low  F_csv=61.73  F_check=61.73
  [weight_ankle_rom_walking_turning_A203] side=low  F_csv=57.51  F_check=57.51
  [weight_ankle_rom_walking_turning_A025] side=high  F_csv=13.62  F_check=13.62
  [weight_ankle_rom_walking_turning_A060] side=high  F_csv=31.16  F_check=31.16
  [weight_ankle_rom_walking_turning_A161] side=high  F_csv=31.16  F_check=31.16
  [weight_ankle_rom_walking_turning_A069] side=high  F_csv=31.34  F_check=31.34
  [weight_ankle_rom_walking_A146] side=low  F_csv=85.44  F_check=85.44
  [weight_ankle_rom_walking_A247] side=low  F_csv=76.24  F_check=76.24
  [weight_ankle_rom_walking_A244] side=low  F_csv=74.58  F_check=74.58
  [weight_ankle_rom_walking_A248] side=low  F_csv=72.25  F_check=72.25
  [weight_ankle_rom_walking_A035] side=high  F_csv=0.69  F_check=0.69
  [weight_ankle_rom_walking_A066] side=high  F_csv=0.91  F_check=0.91
  [weight_ankle_rom_walking_A034] side=high  F_csv=1.43  F_check=1.43
  [weight_ankle_rom_walking_A429] side=high  F_csv=2.04  F_check=2.04
  [weight_ankle_rom_climbing_box_A049] side=low  F_csv=77.08  F_check=77.08
  [weight_ankle_rom_climbing_box_A099] side=low  F_csv=74.93  F_check=74.93
  [weight_ankle_rom_climbing_box_A141] side=low  F_csv=74.36  F_check=74.36
  [weight_ankle_rom_climbing_box_A065] side=low  F_csv=73.45  F_check=73.45
  [weight_ankle_rom_climbing_box_A372] side=high  F_csv=34.97  F_check=34.97
  [weight_ankle_rom_climbing_box_A367] side=high  F_csv=36.36  F_check=36.36
  [weight_ankle_rom_climbing_box_A161] side=high  F_csv=41.10  F_check=41.10
  [weight_ankle_rom_climbing_box_A225] side=high  F_csv=41.21  F_check=41.21
  [weight_ankle_rom_kneeling_A167] side=low  F_csv=77.10  F_check=77.10
  [weight_ankle_rom_kneeling_A098] side=low  F_csv=74.39  F_check=74.39
  [weight_ankle_rom_kneeling_A053] side=low  F_csv=71.70  F_check=71.70
  [weight_ankle_rom_kneeling_A030] side=low  F_csv=66.27  F_check=66.27
  [weight_ankle_rom_kneeling_A123] side=high  F_csv=0.17  F_check=0.17
  [weight_ankle_rom_kneeling_A031] side=high  F_csv=0.31  F_check=0.31
  [weight_ankle_rom_kneeling_A039] side=high  F_csv=0.78  F_check=0.78
  [weight_ankle_rom_kneeling_A120] side=high  F_csv=0.92  F_check=0.92
  [weight_root_translate_peak_vel_jogging_turning_A029] side=low  F_csv=348.02  F_check=348.02
  [weight_root_translate_peak_vel_jogging_turning_A061] side=low  F_csv=342.88  F_check=342.88
  [weight_root_translate_peak_vel_jogging_turning_A024] side=low  F_csv=309.91  F_check=309.91
  [weight_root_translate_peak_vel_jogging_turning_A064] side=low  F_csv=301.20  F_check=301.20
  [weight_root_translate_peak_vel_jogging_turning_A268] side=high  F_csv=139.95  F_check=139.95
  [weight_root_translate_peak_vel_jogging_turning_A039] side=high  F_csv=142.51  F_check=142.51
  [weight_root_translate_peak_vel_jogging_turning_A034] side=high  F_csv=152.07  F_check=152.07
  [weight_root_translate_peak_vel_jogging_turning_A025] side=high  F_csv=152.68  F_check=152.68
  [weight_root_translate_peak_vel_jumping_turning_A018] side=low  F_csv=246.63  F_check=246.63
  [weight_root_translate_peak_vel_jumping_turning_A021] side=low  F_csv=242.34  F_check=242.34
  [weight_root_translate_peak_vel_jumping_turning_A024] side=low  F_csv=240.19  F_check=240.19
  [weight_root_translate_peak_vel_jumping_turning_A029] side=low  F_csv=224.25  F_check=224.25
  [weight_root_translate_peak_vel_jumping_turning_A039] side=high  F_csv=3.36  F_check=3.36
  [weight_root_translate_peak_vel_jumping_turning_A025] side=high  F_csv=11.28  F_check=11.28
  [weight_root_translate_peak_vel_jumping_turning_A266] side=high  F_csv=57.47  F_check=57.47
  [weight_root_translate_peak_vel_jumping_turning_A265] side=high  F_csv=74.09  F_check=74.09
  [weight_root_translate_peak_vel_walking_turning_A030] side=low  F_csv=179.20  F_check=179.20
  [weight_root_translate_peak_vel_walking_turning_A174] side=low  F_csv=166.57  F_check=166.57
  [weight_root_translate_peak_vel_walking_turning_A064] side=low  F_csv=160.69  F_check=160.69
  [weight_root_translate_peak_vel_walking_turning_A029] side=low  F_csv=156.06  F_check=156.06
  [weight_root_translate_peak_vel_walking_turning_A025] side=high  F_csv=43.10  F_check=43.10
  [weight_root_translate_peak_vel_walking_turning_A161] side=high  F_csv=51.00  F_check=51.00
  [weight_root_translate_peak_vel_walking_turning_A034] side=high  F_csv=59.97  F_check=59.97
  [weight_root_translate_peak_vel_walking_turning_A039] side=high  F_csv=81.12  F_check=81.12
  [weight_root_translate_peak_vel_kneeling_A036] side=low  F_csv=100.46  F_check=100.46
  [weight_root_translate_peak_vel_kneeling_A098] side=low  F_csv=95.54  F_check=95.54
  [weight_root_translate_peak_vel_kneeling_A030] side=low  F_csv=91.64  F_check=91.64
  [weight_root_translate_peak_vel_kneeling_A247] side=low  F_csv=91.20  F_check=91.20
  [weight_root_translate_peak_vel_kneeling_A039] side=high  F_csv=1.00  F_check=1.00
  [weight_root_translate_peak_vel_kneeling_A123] side=high  F_csv=1.07  F_check=1.07
  [weight_root_translate_peak_vel_kneeling_A408] side=high  F_csv=1.35  F_check=1.35
  [weight_root_translate_peak_vel_kneeling_A168] side=high  F_csv=1.61  F_check=1.61
  [weight_root_translate_peak_vel_jogging_A451] side=low  F_csv=448.65  F_check=448.65
  [weight_root_translate_peak_vel_jogging_A443] side=low  F_csv=332.24  F_check=332.24
  [weight_root_translate_peak_vel_jogging_A029] side=low  F_csv=322.86  F_check=322.86
  [weight_root_translate_peak_vel_jogging_A021] side=low  F_csv=309.64  F_check=309.64
  [weight_root_translate_peak_vel_jogging_A093] side=high  F_csv=1.30  F_check=1.30
  [weight_root_translate_peak_vel_jogging_A072] side=high  F_csv=1.65  F_check=1.65
  [weight_root_translate_peak_vel_jogging_A063] side=high  F_csv=2.93  F_check=2.93
  [weight_root_translate_peak_vel_jogging_A023] side=high  F_csv=3.17  F_check=3.17
  [weight_root_translate_peak_vel_dancing_A306] side=low  F_csv=252.55  F_check=252.55
  [weight_root_translate_peak_vel_dancing_A311] side=low  F_csv=224.44  F_check=224.44
  [weight_root_translate_peak_vel_dancing_A310] side=low  F_csv=223.77  F_check=223.77
  [weight_root_translate_peak_vel_dancing_A317] side=low  F_csv=223.36  F_check=223.36
  [weight_root_translate_peak_vel_dancing_A039] side=high  F_csv=18.82  F_check=18.82
  [weight_root_translate_peak_vel_dancing_A309] side=high  F_csv=19.05  F_check=19.05
  [weight_root_translate_peak_vel_dancing_A314] side=high  F_csv=20.39  F_check=20.39
  [weight_root_translate_peak_vel_dancing_A066] side=high  F_csv=20.79  F_check=20.79
  [weight_root_translate_peak_vel_walking_A449] side=low  F_csv=319.52  F_check=319.52
  [weight_root_translate_peak_vel_walking_A450] side=low  F_csv=267.99  F_check=267.99
  [weight_root_translate_peak_vel_walking_A006] side=low  F_csv=227.74  F_check=227.74
  [weight_root_translate_peak_vel_walking_A146] side=low  F_csv=223.16  F_check=223.16
  [weight_root_translate_peak_vel_walking_A034] side=high  F_csv=1.57  F_check=1.57
  [weight_root_translate_peak_vel_walking_A035] side=high  F_csv=1.92  F_check=1.92
  [weight_root_translate_peak_vel_walking_A127] side=high  F_csv=2.83  F_check=2.83
  [weight_root_translate_peak_vel_walking_A194] side=high  F_csv=2.88  F_check=2.88
  [weight_root_translate_peak_vel_jumping_A305] side=low  F_csv=462.82  F_check=462.82
  [weight_root_translate_peak_vel_jumping_A301] side=low  F_csv=387.91  F_check=387.91
  [weight_root_translate_peak_vel_jumping_A311] side=low  F_csv=285.65  F_check=285.65
  [weight_root_translate_peak_vel_jumping_A359] side=low  F_csv=280.70  F_check=280.70
  [weight_root_translate_peak_vel_jumping_A408] side=high  F_csv=1.83  F_check=1.83
  [weight_root_translate_peak_vel_jumping_A352] side=high  F_csv=17.69  F_check=17.69
  [weight_root_translate_peak_vel_jumping_A353] side=high  F_csv=23.13  F_check=23.13
  [weight_root_translate_peak_vel_jumping_A413] side=high  F_csv=25.19  F_check=25.19
  [height_root_translate_rom_climbing_box_A045] side=low  F_csv=128.20  F_check=128.20
  [height_root_translate_rom_climbing_box_A048] side=low  F_csv=127.78  F_check=127.78
  [height_root_translate_rom_climbing_box_A065] side=low  F_csv=102.37  F_check=102.37
  [height_root_translate_rom_climbing_box_A310] side=low  F_csv=101.60  F_check=101.60
  [height_root_translate_rom_climbing_box_A051] side=high  F_csv=5.70  F_check=5.70
  [height_root_translate_rom_climbing_box_A050] side=high  F_csv=10.60  F_check=10.60
  [height_root_translate_rom_climbing_box_A119] side=high  F_csv=50.45  F_check=50.45
  [height_root_translate_rom_climbing_box_A253] side=high  F_csv=51.84  F_check=51.84
  [height_root_translate_rom_jogging_turning_A053] side=low  F_csv=820.85  F_check=820.85
  [height_root_translate_rom_jogging_turning_A049] side=low  F_csv=804.14  F_check=804.14
  [height_root_translate_rom_jogging_turning_A061] side=low  F_csv=801.02  F_check=801.02
  [height_root_translate_rom_jogging_turning_A071] side=low  F_csv=769.50  F_check=769.50
  [height_root_translate_rom_jogging_turning_A025] side=high  F_csv=219.72  F_check=219.72
  [height_root_translate_rom_jogging_turning_A020] side=high  F_csv=237.85  F_check=237.85
  [height_root_translate_rom_jogging_turning_A067] side=high  F_csv=274.52  F_check=274.52
  [height_root_translate_rom_jogging_turning_A034] side=high  F_csv=291.54  F_check=291.54
  [height_root_translate_rom_walking_turning_A037] side=low  F_csv=846.27  F_check=846.27
  [height_root_translate_rom_walking_turning_A026] side=low  F_csv=837.15  F_check=837.15
  [height_root_translate_rom_walking_turning_A029] side=low  F_csv=771.15  F_check=771.15
  [height_root_translate_rom_walking_turning_A018] side=low  F_csv=762.92  F_check=762.92
  [height_root_translate_rom_walking_turning_A031] side=high  F_csv=1.48  F_check=1.48
  [height_root_translate_rom_walking_turning_A025] side=high  F_csv=12.90  F_check=12.90
  [height_root_translate_rom_walking_turning_A519] side=high  F_csv=25.57  F_check=25.57
  [height_root_translate_rom_walking_turning_A060] side=high  F_csv=143.29  F_check=143.29
  [height_root_translate_rom_walking_A006] side=low  F_csv=1036.07  F_check=1036.07
  [height_root_translate_rom_walking_A005] side=low  F_csv=985.66  F_check=985.66
  [height_root_translate_rom_walking_A008] side=low  F_csv=980.61  F_check=980.61
  [height_root_translate_rom_walking_A018] side=low  F_csv=936.69  F_check=936.69
  [height_root_translate_rom_walking_A428] side=high  F_csv=0.57  F_check=0.57
  [height_root_translate_rom_walking_A035] side=high  F_csv=0.80  F_check=0.80
  [height_root_translate_rom_walking_A196] side=high  F_csv=1.01  F_check=1.01
  [height_root_translate_rom_walking_A034] side=high  F_csv=1.77  F_check=1.77
  [height_root_translate_rom_jogging_A107] side=low  F_csv=983.02  F_check=983.02
  [height_root_translate_rom_jogging_A019] side=low  F_csv=982.03  F_check=982.03
  [height_root_translate_rom_jogging_A018] side=low  F_csv=958.21  F_check=958.21
  [height_root_translate_rom_jogging_A026] side=low  F_csv=938.86  F_check=938.86
  [height_root_translate_rom_jogging_A093] side=high  F_csv=0.55  F_check=0.55
  [height_root_translate_rom_jogging_A063] side=high  F_csv=0.67  F_check=0.67
  [height_root_translate_rom_jogging_A072] side=high  F_csv=0.77  F_check=0.77
  [height_root_translate_rom_jogging_A023] side=high  F_csv=3.11  F_check=3.11
  [height_root_translate_rom_sitting_A008] side=low  F_csv=154.83  F_check=154.83
  [height_root_translate_rom_sitting_A006] side=low  F_csv=145.20  F_check=145.20
  [height_root_translate_rom_sitting_A005] side=low  F_csv=124.33  F_check=124.33
  [height_root_translate_rom_sitting_A041] side=low  F_csv=115.83  F_check=115.83
  [height_root_translate_rom_sitting_A191] side=high  F_csv=0.07  F_check=0.07
  [height_root_translate_rom_sitting_A184] side=high  F_csv=0.08  F_check=0.08
  [height_root_translate_rom_sitting_A189] side=high  F_csv=0.08  F_check=0.08
  [height_root_translate_rom_sitting_A168] side=high  F_csv=0.08  F_check=0.08
  [height_root_translate_rom_dancing_A322] side=low  F_csv=612.72  F_check=612.72
  [height_root_translate_rom_dancing_A325] side=low  F_csv=596.42  F_check=596.42
  [height_root_translate_rom_dancing_A323] side=low  F_csv=573.04  F_check=573.04
  [height_root_translate_rom_dancing_A320] side=low  F_csv=468.73  F_check=468.73
  [height_root_translate_rom_dancing_A314] side=high  F_csv=5.14  F_check=5.14
  [height_root_translate_rom_dancing_A309] side=high  F_csv=5.99  F_check=5.99
  [height_root_translate_rom_dancing_A067] side=high  F_csv=11.37  F_check=11.37
  [height_root_translate_rom_dancing_A023] side=high  F_csv=12.48  F_check=12.48
  [height_root_translate_rom_turning_A073] side=low  F_csv=1.10  F_check=1.10
  [height_root_translate_rom_turning_A026] side=low  F_csv=1.95  F_check=1.95
  [height_root_translate_rom_turning_A484] side=low  F_csv=2.18  F_check=2.18
  [height_root_translate_rom_turning_A485] side=low  F_csv=3.45  F_check=3.45
  [height_root_translate_rom_turning_A127] side=high  F_csv=67.69  F_check=67.69
  [height_root_translate_rom_turning_A197] side=high  F_csv=58.82  F_check=58.82
  [height_root_translate_rom_turning_A147] side=high  F_csv=56.72  F_check=56.72
  [height_root_translate_rom_turning_A551] side=high  F_csv=53.83  F_check=53.83
  [height_root_translate_peak_vel_jogging_turning_A068] side=low  F_csv=358.14  F_check=358.14
  [height_root_translate_peak_vel_jogging_turning_A029] side=low  F_csv=348.02  F_check=348.02
  [height_root_translate_peak_vel_jogging_turning_A061] side=low  F_csv=342.88  F_check=342.88
  [height_root_translate_peak_vel_jogging_turning_A032] side=low  F_csv=321.76  F_check=321.76
  [height_root_translate_peak_vel_jogging_turning_A055] side=high  F_csv=132.65  F_check=132.65
  [height_root_translate_peak_vel_jogging_turning_A039] side=high  F_csv=142.51  F_check=142.51
  [height_root_translate_peak_vel_jogging_turning_A238] side=high  F_csv=150.89  F_check=150.89
  [height_root_translate_peak_vel_jogging_turning_A034] side=high  F_csv=152.07  F_check=152.07
  [height_root_translate_peak_vel_walking_turning_A048] side=low  F_csv=163.51  F_check=163.51
  [height_root_translate_peak_vel_walking_turning_A064] side=low  F_csv=160.69  F_check=160.69
  [height_root_translate_peak_vel_walking_turning_A032] side=low  F_csv=156.26  F_check=156.26
  [height_root_translate_peak_vel_walking_turning_A029] side=low  F_csv=156.06  F_check=156.06
  [height_root_translate_peak_vel_walking_turning_A031] side=high  F_csv=3.16  F_check=3.16
  [height_root_translate_peak_vel_walking_turning_A519] side=high  F_csv=13.96  F_check=13.96
  [height_root_translate_peak_vel_walking_turning_A025] side=high  F_csv=43.10  F_check=43.10
  [height_root_translate_peak_vel_walking_turning_A161] side=high  F_csv=51.00  F_check=51.00
  [height_root_translate_peak_vel_climbing_box_A364] side=low  F_csv=212.55  F_check=212.55
  [height_root_translate_peak_vel_climbing_box_A305] side=low  F_csv=202.98  F_check=202.98
  [height_root_translate_peak_vel_climbing_box_A071] side=low  F_csv=201.88  F_check=201.88
  [height_root_translate_peak_vel_climbing_box_A415] side=low  F_csv=201.49  F_check=201.49
  [height_root_translate_peak_vel_climbing_box_A051] side=high  F_csv=11.68  F_check=11.68
  [height_root_translate_peak_vel_climbing_box_A050] side=high  F_csv=17.06  F_check=17.06
  [height_root_translate_peak_vel_climbing_box_A253] side=high  F_csv=100.02  F_check=100.02
  [height_root_translate_peak_vel_climbing_box_A047] side=high  F_csv=103.75  F_check=103.75
  [height_root_translate_peak_vel_jumping_turning_A018] side=low  F_csv=246.63  F_check=246.63
  [height_root_translate_peak_vel_jumping_turning_A021] side=low  F_csv=242.34  F_check=242.34
  [height_root_translate_peak_vel_jumping_turning_A024] side=low  F_csv=240.19  F_check=240.19
  [height_root_translate_peak_vel_jumping_turning_A029] side=low  F_csv=224.25  F_check=224.25
  [height_root_translate_peak_vel_jumping_turning_A039] side=high  F_csv=3.36  F_check=3.36
  [height_root_translate_peak_vel_jumping_turning_A025] side=high  F_csv=11.28  F_check=11.28
  [height_root_translate_peak_vel_jumping_turning_A067] side=high  F_csv=71.28  F_check=71.28
  [height_root_translate_peak_vel_jumping_turning_A035] side=high  F_csv=85.68  F_check=85.68
  [height_root_translate_peak_vel_walking_A449] side=low  F_csv=319.52  F_check=319.52
  [height_root_translate_peak_vel_walking_A071] side=low  F_csv=272.17  F_check=272.17
  [height_root_translate_peak_vel_walking_A450] side=low  F_csv=267.99  F_check=267.99
  [height_root_translate_peak_vel_walking_A006] side=low  F_csv=227.74  F_check=227.74
  [height_root_translate_peak_vel_walking_A034] side=high  F_csv=1.57  F_check=1.57
  [height_root_translate_peak_vel_walking_A035] side=high  F_csv=1.92  F_check=1.92
  [height_root_translate_peak_vel_walking_A428] side=high  F_csv=2.40  F_check=2.40
  [height_root_translate_peak_vel_walking_A127] side=high  F_csv=2.83  F_check=2.83
  [height_root_translate_peak_vel_jogging_A019] side=low  F_csv=452.65  F_check=452.65
  [height_root_translate_peak_vel_jogging_A451] side=low  F_csv=448.65  F_check=448.65
  [height_root_translate_peak_vel_jogging_A443] side=low  F_csv=332.24  F_check=332.24
  [height_root_translate_peak_vel_jogging_A029] side=low  F_csv=322.86  F_check=322.86
  [height_root_translate_peak_vel_jogging_A093] side=high  F_csv=1.30  F_check=1.30
  [height_root_translate_peak_vel_jogging_A072] side=high  F_csv=1.65  F_check=1.65
  [height_root_translate_peak_vel_jogging_A063] side=high  F_csv=2.93  F_check=2.93
  [height_root_translate_peak_vel_jogging_A023] side=high  F_csv=3.17  F_check=3.17
  [height_root_translate_peak_vel_dancing_A310] side=low  F_csv=223.77  F_check=223.77
  [height_root_translate_peak_vel_dancing_A317] side=low  F_csv=223.36  F_check=223.36
  [height_root_translate_peak_vel_dancing_A464] side=low  F_csv=221.61  F_check=221.61
  [height_root_translate_peak_vel_dancing_A323] side=low  F_csv=219.84  F_check=219.84
  [height_root_translate_peak_vel_dancing_A067] side=high  F_csv=15.17  F_check=15.17
  [height_root_translate_peak_vel_dancing_A055] side=high  F_csv=17.76  F_check=17.76
  [height_root_translate_peak_vel_dancing_A039] side=high  F_csv=18.82  F_check=18.82
  [height_root_translate_peak_vel_dancing_A309] side=high  F_csv=19.05  F_check=19.05
  [height_root_translate_peak_vel_kneeling_A024] side=low  F_csv=130.82  F_check=130.82
  [height_root_translate_peak_vel_kneeling_A048] side=low  F_csv=113.42  F_check=113.42
  [height_root_translate_peak_vel_kneeling_A032] side=low  F_csv=100.76  F_check=100.76
  [height_root_translate_peak_vel_kneeling_A036] side=low  F_csv=100.46  F_check=100.46
  [height_root_translate_peak_vel_kneeling_A039] side=high  F_csv=1.00  F_check=1.00
  [height_root_translate_peak_vel_kneeling_A123] side=high  F_csv=1.07  F_check=1.07
  [height_root_translate_peak_vel_kneeling_A189] side=high  F_csv=1.20  F_check=1.20
  [height_root_translate_peak_vel_kneeling_A168] side=high  F_csv=1.61  F_check=1.61
  [height_ankle_rom_jogging_A029] side=low  F_csv=82.25  F_check=82.25
  [height_ankle_rom_jogging_A018] side=low  F_csv=81.11  F_check=81.11
  [height_ankle_rom_jogging_A543] side=low  F_csv=81.08  F_check=81.08
  [height_ankle_rom_jogging_A024] side=low  F_csv=77.56  F_check=77.56
  [height_ankle_rom_jogging_A093] side=high  F_csv=0.40  F_check=0.40
  [height_ankle_rom_jogging_A063] side=high  F_csv=0.49  F_check=0.49
  [height_ankle_rom_jogging_A072] side=high  F_csv=0.56  F_check=0.56
  [height_ankle_rom_jogging_A023] side=high  F_csv=4.14  F_check=4.14
  [height_ankle_rom_jumping_turning_A018] side=low  F_csv=83.31  F_check=83.31
  [height_ankle_rom_jumping_turning_A029] side=low  F_csv=77.14  F_check=77.14
  [height_ankle_rom_jumping_turning_A021] side=low  F_csv=67.54  F_check=67.54
  [height_ankle_rom_jumping_turning_A026] side=low  F_csv=64.16  F_check=64.16
  [height_ankle_rom_jumping_turning_A039] side=high  F_csv=3.73  F_check=3.73
  [height_ankle_rom_jumping_turning_A025] side=high  F_csv=8.52  F_check=8.52
  [height_ankle_rom_jumping_turning_A067] side=high  F_csv=25.95  F_check=25.95
  [height_ankle_rom_jumping_turning_A035] side=high  F_csv=26.98  F_check=26.98
  [height_ankle_rom_climbing_box_A049] side=low  F_csv=77.08  F_check=77.08
  [height_ankle_rom_climbing_box_A160] side=low  F_csv=74.84  F_check=74.84
  [height_ankle_rom_climbing_box_A141] side=low  F_csv=74.36  F_check=74.36
  [height_ankle_rom_climbing_box_A165] side=low  F_csv=73.83  F_check=73.83
  [height_ankle_rom_climbing_box_A051] side=high  F_csv=10.22  F_check=10.22
  [height_ankle_rom_climbing_box_A050] side=high  F_csv=35.29  F_check=35.29
  [height_ankle_rom_climbing_box_A232] side=high  F_csv=40.18  F_check=40.18
  [height_ankle_rom_climbing_box_A161] side=high  F_csv=41.10  F_check=41.10
  [height_ankle_rom_jumping_A415] side=low  F_csv=83.59  F_check=83.59
  [height_ankle_rom_jumping_A018] side=low  F_csv=80.72  F_check=80.72
  [height_ankle_rom_jumping_A418] side=low  F_csv=79.35  F_check=79.35
  [height_ankle_rom_jumping_A029] side=low  F_csv=79.31  F_check=79.31
  [height_ankle_rom_jumping_A409] side=high  F_csv=0.26  F_check=0.26
  [height_ankle_rom_jumping_A408] side=high  F_csv=0.29  F_check=0.29
  [height_ankle_rom_jumping_A353] side=high  F_csv=25.22  F_check=25.22
  [height_ankle_rom_jumping_A253] side=high  F_csv=27.03  F_check=27.03
  [height_ankle_rom_jogging_turning_A018] side=low  F_csv=82.65  F_check=82.65
  [height_ankle_rom_jogging_turning_A029] side=low  F_csv=81.59  F_check=81.59
  [height_ankle_rom_jogging_turning_A021] side=low  F_csv=74.62  F_check=74.62
  [height_ankle_rom_jogging_turning_A019] side=low  F_csv=73.97  F_check=73.97
  [height_ankle_rom_jogging_turning_A055] side=high  F_csv=36.55  F_check=36.55
  [height_ankle_rom_jogging_turning_A067] side=high  F_csv=38.83  F_check=38.83
  [height_ankle_rom_jogging_turning_A034] side=high  F_csv=42.34  F_check=42.34
  [height_ankle_rom_jogging_turning_A060] side=high  F_csv=43.83  F_check=43.83
  [height_ankle_rom_walking_turning_A018] side=low  F_csv=63.50  F_check=63.50
  [height_ankle_rom_walking_turning_A029] side=low  F_csv=63.25  F_check=63.25
  [height_ankle_rom_walking_turning_A460] side=low  F_csv=57.21  F_check=57.21
  [height_ankle_rom_walking_turning_A019] side=low  F_csv=53.68  F_check=53.68
  [height_ankle_rom_walking_turning_A031] side=high  F_csv=1.21  F_check=1.21
  [height_ankle_rom_walking_turning_A025] side=high  F_csv=13.62  F_check=13.62
  [height_ankle_rom_walking_turning_A519] side=high  F_csv=24.01  F_check=24.01
  [height_ankle_rom_walking_turning_A043] side=high  F_csv=29.73  F_check=29.73
  [height_ankle_rom_gesture_dancing_A118] side=low  F_csv=1.37  F_check=1.37
  [height_ankle_rom_gesture_dancing_A438] side=low  F_csv=1.50  F_check=1.50
  [height_ankle_rom_gesture_dancing_A144] side=low  F_csv=1.64  F_check=1.64
  [height_ankle_rom_gesture_dancing_A187] side=low  F_csv=2.14  F_check=2.14
  [height_ankle_rom_gesture_dancing_A409] side=high  F_csv=81.53  F_check=81.53
  [height_ankle_rom_gesture_dancing_A100] side=high  F_csv=78.00  F_check=78.00
  [height_ankle_rom_gesture_dancing_A352] side=high  F_csv=75.15  F_check=75.15
  [height_ankle_rom_gesture_dancing_A353] side=high  F_csv=67.67  F_check=67.67
  [height_ankle_rom_dancing_A315] side=low  F_csv=84.28  F_check=84.28
  [height_ankle_rom_dancing_A464] side=low  F_csv=82.93  F_check=82.93
  [height_ankle_rom_dancing_A320] side=low  F_csv=80.83  F_check=80.83
  [height_ankle_rom_dancing_A071] side=low  F_csv=79.95  F_check=79.95
  [height_ankle_rom_dancing_A309] side=high  F_csv=11.86  F_check=11.86
  [height_ankle_rom_dancing_A314] side=high  F_csv=12.15  F_check=12.15
  [height_ankle_rom_dancing_A055] side=high  F_csv=17.77  F_check=17.77
  [height_ankle_rom_dancing_A100] side=high  F_csv=18.37  F_check=18.37
  [gender_ankle_rom_jogging_turning_A018] side=low  F_csv=82.65  F_check=82.65
  [gender_ankle_rom_jogging_turning_A029] side=low  F_csv=81.59  F_check=81.59
  [gender_ankle_rom_jogging_turning_A165] side=low  F_csv=78.32  F_check=78.32
  [gender_ankle_rom_jogging_turning_A166] side=low  F_csv=77.97  F_check=77.97
  [gender_ankle_rom_jogging_turning_A268] side=high  F_csv=34.64  F_check=34.64
  [gender_ankle_rom_jogging_turning_A055] side=high  F_csv=36.55  F_check=36.55
  [gender_ankle_rom_jogging_turning_A266] side=high  F_csv=37.76  F_check=37.76
  [gender_ankle_rom_jogging_turning_A067] side=high  F_csv=38.83  F_check=38.83
  [gender_ankle_rom_walking_turning_A018] side=low  F_csv=63.50  F_check=63.50
  [gender_ankle_rom_walking_turning_A029] side=low  F_csv=63.25  F_check=63.25
  [gender_ankle_rom_walking_turning_A030] side=low  F_csv=61.73  F_check=61.73
  [gender_ankle_rom_walking_turning_A140] side=low  F_csv=60.28  F_check=60.28
  [gender_ankle_rom_walking_turning_A031] side=high  F_csv=1.21  F_check=1.21
  [gender_ankle_rom_walking_turning_A032] side=high  F_csv=8.78  F_check=8.78
  [gender_ankle_rom_walking_turning_A025] side=high  F_csv=13.62  F_check=13.62
  [gender_ankle_rom_walking_turning_A518] side=high  F_csv=23.16  F_check=23.16
  [gender_ankle_rom_jogging_A029] side=low  F_csv=82.25  F_check=82.25
  [gender_ankle_rom_jogging_A018] side=low  F_csv=81.11  F_check=81.11
  [gender_ankle_rom_jogging_A543] side=low  F_csv=81.08  F_check=81.08
  [gender_ankle_rom_jogging_A166] side=low  F_csv=78.05  F_check=78.05
  [gender_ankle_rom_jogging_A093] side=high  F_csv=0.40  F_check=0.40
  [gender_ankle_rom_jogging_A063] side=high  F_csv=0.49  F_check=0.49
  [gender_ankle_rom_jogging_A072] side=high  F_csv=0.56  F_check=0.56
  [gender_ankle_rom_jogging_A096] side=high  F_csv=0.93  F_check=0.93
  [gender_ankle_rom_jumping_turning_A018] side=low  F_csv=83.31  F_check=83.31
  [gender_ankle_rom_jumping_turning_A029] side=low  F_csv=77.14  F_check=77.14
  [gender_ankle_rom_jumping_turning_A038] side=low  F_csv=68.28  F_check=68.28
  [gender_ankle_rom_jumping_turning_A021] side=low  F_csv=67.54  F_check=67.54
  [gender_ankle_rom_jumping_turning_A039] side=high  F_csv=3.73  F_check=3.73
  [gender_ankle_rom_jumping_turning_A025] side=high  F_csv=8.52  F_check=8.52
  [gender_ankle_rom_jumping_turning_A040] side=high  F_csv=9.94  F_check=9.94
  [gender_ankle_rom_jumping_turning_A067] side=high  F_csv=25.95  F_check=25.95
  [gender_ankle_rom_climbing_box_A049] side=low  F_csv=77.08  F_check=77.08
  [gender_ankle_rom_climbing_box_A160] side=low  F_csv=74.84  F_check=74.84
  [gender_ankle_rom_climbing_box_A141] side=low  F_csv=74.36  F_check=74.36
  [gender_ankle_rom_climbing_box_A165] side=low  F_csv=73.83  F_check=73.83
  [gender_ankle_rom_climbing_box_A052] side=high  F_csv=2.40  F_check=2.40
  [gender_ankle_rom_climbing_box_A051] side=high  F_csv=10.22  F_check=10.22
  [gender_ankle_rom_climbing_box_A372] side=high  F_csv=34.97  F_check=34.97
  [gender_ankle_rom_climbing_box_A367] side=high  F_csv=36.36  F_check=36.36
  [gender_ankle_rom_jumping_A415] side=low  F_csv=83.59  F_check=83.59
  [gender_ankle_rom_jumping_A444] side=low  F_csv=82.19  F_check=82.19
  [gender_ankle_rom_jumping_A448] side=low  F_csv=81.41  F_check=81.41
  [gender_ankle_rom_jumping_A018] side=low  F_csv=80.72  F_check=80.72
  [gender_ankle_rom_jumping_A409] side=high  F_csv=0.26  F_check=0.26
  [gender_ankle_rom_jumping_A408] side=high  F_csv=0.29  F_check=0.29
  [gender_ankle_rom_jumping_A406] side=high  F_csv=0.57  F_check=0.57
  [gender_ankle_rom_jumping_A407] side=high  F_csv=0.95  F_check=0.95
  [gender_ankle_rom_walking_A146] side=low  F_csv=85.44  F_check=85.44
  [gender_ankle_rom_walking_A145] side=low  F_csv=85.44  F_check=85.44
  [gender_ankle_rom_walking_A341] side=low  F_csv=80.36  F_check=80.36
  [gender_ankle_rom_walking_A125] side=low  F_csv=76.46  F_check=76.46
  [gender_ankle_rom_walking_A035] side=high  F_csv=0.69  F_check=0.69
  [gender_ankle_rom_walking_A428] side=high  F_csv=1.01  F_check=1.01
  [gender_ankle_rom_walking_A196] side=high  F_csv=1.01  F_check=1.01
  [gender_ankle_rom_walking_A033] side=high  F_csv=1.11  F_check=1.11
  [gender_ankle_rom_dancing_A315] side=low  F_csv=84.28  F_check=84.28
  [gender_ankle_rom_dancing_A464] side=low  F_csv=82.93  F_check=82.93
  [gender_ankle_rom_dancing_A321] side=low  F_csv=81.25  F_check=81.25
  [gender_ankle_rom_dancing_A320] side=low  F_csv=80.83  F_check=80.83
  [gender_ankle_rom_dancing_A467] side=high  F_csv=3.43  F_check=3.43
  [gender_ankle_rom_dancing_A313] side=high  F_csv=5.18  F_check=5.18
  [gender_ankle_rom_dancing_A311] side=high  F_csv=6.28  F_check=6.28
  [gender_ankle_rom_dancing_A319] side=high  F_csv=7.61  F_check=7.61
  [gender_shoulder_rom_jogging_A029] side=low  F_csv=292.06  F_check=292.06
  [gender_shoulder_rom_jogging_A461] side=low  F_csv=290.97  F_check=290.97
  [gender_shoulder_rom_jogging_A460] side=low  F_csv=224.88  F_check=224.88
  [gender_shoulder_rom_jogging_A030] side=low  F_csv=216.20  F_check=216.20
  [gender_shoulder_rom_jogging_A063] side=high  F_csv=0.77  F_check=0.77
  [gender_shoulder_rom_jogging_A096] side=high  F_csv=1.29  F_check=1.29
  [gender_shoulder_rom_jogging_A093] side=high  F_csv=1.63  F_check=1.63
  [gender_shoulder_rom_jogging_A072] side=high  F_csv=2.11  F_check=2.11
  [gender_shoulder_rom_climbing_box_A249] side=low  F_csv=217.10  F_check=217.10
  [gender_shoulder_rom_climbing_box_A252] side=low  F_csv=204.66  F_check=204.66
  [gender_shoulder_rom_climbing_box_A469] side=low  F_csv=174.01  F_check=174.01
  [gender_shoulder_rom_climbing_box_A203] side=low  F_csv=164.40  F_check=164.40
  [gender_shoulder_rom_climbing_box_A052] side=high  F_csv=3.17  F_check=3.17
  [gender_shoulder_rom_climbing_box_A051] side=high  F_csv=7.48  F_check=7.48
  [gender_shoulder_rom_climbing_box_A200] side=high  F_csv=14.09  F_check=14.09
  [gender_shoulder_rom_climbing_box_A297] side=high  F_csv=18.84  F_check=18.84
  [gender_shoulder_rom_gesture_dancing_A235] side=low  F_csv=226.80  F_check=226.80
  [gender_shoulder_rom_gesture_dancing_A141] side=low  F_csv=202.94  F_check=202.94
  [gender_shoulder_rom_gesture_dancing_A345] side=low  F_csv=199.28  F_check=199.28
  [gender_shoulder_rom_gesture_dancing_A186] side=low  F_csv=183.64  F_check=183.64
  [gender_shoulder_rom_gesture_dancing_A406] side=high  F_csv=10.15  F_check=10.15
  [gender_shoulder_rom_gesture_dancing_A353] side=high  F_csv=17.90  F_check=17.90
  [gender_shoulder_rom_gesture_dancing_A352] side=high  F_csv=25.62  F_check=25.62
  [gender_shoulder_rom_gesture_dancing_A407] side=high  F_csv=26.79  F_check=26.79
  [gender_shoulder_rom_dancing_A466] side=low  F_csv=413.45  F_check=413.45
  [gender_shoulder_rom_dancing_A464] side=low  F_csv=392.51  F_check=392.51
  [gender_shoulder_rom_dancing_A320] side=low  F_csv=385.85  F_check=385.85
  [gender_shoulder_rom_dancing_A316] side=low  F_csv=380.48  F_check=380.48
  [gender_shoulder_rom_dancing_A309] side=high  F_csv=10.34  F_check=10.34
  [gender_shoulder_rom_dancing_A306] side=high  F_csv=13.01  F_check=13.01
  [gender_shoulder_rom_dancing_A467] side=high  F_csv=18.15  F_check=18.15
  [gender_shoulder_rom_dancing_A055] side=high  F_csv=18.35  F_check=18.35
  [gender_shoulder_rom_jogging_turning_A186] side=low  F_csv=272.58  F_check=272.58
  [gender_shoulder_rom_jogging_turning_A188] side=low  F_csv=257.38  F_check=257.38
  [gender_shoulder_rom_jogging_turning_A167] side=low  F_csv=251.13  F_check=251.13
  [gender_shoulder_rom_jogging_turning_A166] side=low  F_csv=245.16  F_check=245.16
  [gender_shoulder_rom_jogging_turning_A463] side=high  F_csv=34.42  F_check=34.42
  [gender_shoulder_rom_jogging_turning_A462] side=high  F_csv=41.93  F_check=41.93
  [gender_shoulder_rom_jogging_turning_A033] side=high  F_csv=43.35  F_check=43.35
  [gender_shoulder_rom_jogging_turning_A051] side=high  F_csv=44.74  F_check=44.74
  [gender_shoulder_rom_walking_turning_A461] side=low  F_csv=198.16  F_check=198.16
  [gender_shoulder_rom_walking_turning_A517] side=low  F_csv=155.75  F_check=155.75
  [gender_shoulder_rom_walking_turning_A460] side=low  F_csv=153.91  F_check=153.91
  [gender_shoulder_rom_walking_turning_A516] side=low  F_csv=136.48  F_check=136.48
  [gender_shoulder_rom_walking_turning_A032] side=high  F_csv=7.94  F_check=7.94
  [gender_shoulder_rom_walking_turning_A144] side=high  F_csv=10.16  F_check=10.16
  [gender_shoulder_rom_walking_turning_A463] side=high  F_csv=11.31  F_check=11.31
  [gender_shoulder_rom_walking_turning_A202] side=high  F_csv=11.36  F_check=11.36
  [gender_shoulder_mean_vel_jogging_A454] side=low  F_csv=567.24  F_check=567.24
  [gender_shoulder_mean_vel_jogging_A451] side=low  F_csv=445.40  F_check=445.40
  [gender_shoulder_mean_vel_jogging_A359] side=low  F_csv=429.44  F_check=429.44
  [gender_shoulder_mean_vel_jogging_A452] side=low  F_csv=425.54  F_check=425.54
  [gender_shoulder_mean_vel_jogging_A096] side=high  F_csv=1.24  F_check=1.24
  [gender_shoulder_mean_vel_jogging_A093] side=high  F_csv=1.42  F_check=1.42
  [gender_shoulder_mean_vel_jogging_A063] side=high  F_csv=1.50  F_check=1.50
  [gender_shoulder_mean_vel_jogging_A072] side=high  F_csv=2.72  F_check=2.72
  [gender_shoulder_mean_vel_jogging_turning_A029] side=low  F_csv=290.97  F_check=290.97
  [gender_shoulder_mean_vel_jogging_turning_A094] side=low  F_csv=290.20  F_check=290.20
  [gender_shoulder_mean_vel_jogging_turning_A166] side=low  F_csv=279.26  F_check=279.26
  [gender_shoulder_mean_vel_jogging_turning_A167] side=low  F_csv=268.87  F_check=268.87
  [gender_shoulder_mean_vel_jogging_turning_A025] side=high  F_csv=41.14  F_check=41.14
  [gender_shoulder_mean_vel_jogging_turning_A044] side=high  F_csv=54.03  F_check=54.03
  [gender_shoulder_mean_vel_jogging_turning_A039] side=high  F_csv=55.62  F_check=55.62
  [gender_shoulder_mean_vel_jogging_turning_A051] side=high  F_csv=60.24  F_check=60.24
  [gender_shoulder_mean_vel_climbing_box_A252] side=low  F_csv=184.58  F_check=184.58
  [gender_shoulder_mean_vel_climbing_box_A469] side=low  F_csv=144.83  F_check=144.83
  [gender_shoulder_mean_vel_climbing_box_A281] side=low  F_csv=143.16  F_check=143.16
  [gender_shoulder_mean_vel_climbing_box_A315] side=low  F_csv=140.10  F_check=140.10
  [gender_shoulder_mean_vel_climbing_box_A052] side=high  F_csv=2.67  F_check=2.67
  [gender_shoulder_mean_vel_climbing_box_A200] side=high  F_csv=9.48  F_check=9.48
  [gender_shoulder_mean_vel_climbing_box_A189] side=high  F_csv=12.47  F_check=12.47
  [gender_shoulder_mean_vel_climbing_box_A253] side=high  F_csv=13.04  F_check=13.04
  [gender_shoulder_mean_vel_walking_turning_A517] side=low  F_csv=288.52  F_check=288.52
  [gender_shoulder_mean_vel_walking_turning_A516] side=low  F_csv=237.46  F_check=237.46
  [gender_shoulder_mean_vel_walking_turning_A029] side=low  F_csv=140.32  F_check=140.32
  [gender_shoulder_mean_vel_walking_turning_A461] side=low  F_csv=127.60  F_check=127.60
  [gender_shoulder_mean_vel_walking_turning_A142] side=high  F_csv=10.07  F_check=10.07
  [gender_shoulder_mean_vel_walking_turning_A032] side=high  F_csv=11.19  F_check=11.19
  [gender_shoulder_mean_vel_walking_turning_A163] side=high  F_csv=11.36  F_check=11.36
  [gender_shoulder_mean_vel_walking_turning_A144] side=high  F_csv=12.96  F_check=12.96

[out] wrote C:\Users\sihat\Downloads\invert\feature-analysis-animation\data\feature_matrix_config_instances.json  (720 rows)
[out] CSVs under C:\Users\sihat\Downloads\invert\feature-analysis-animation\data\feature_matrix_instances  (720 files)

Next: python generate_smpl_matrix.py --config C:\Users\sihat\Downloads\invert\feature-analysis-animation\data\feature_matrix_config_instances.json
